[   52385ms] [ERROR] WebSocket connection to 'ws://localhost:3000/_next/webpack-hmr?id=ZxC7O0rdiCG0uW4e6x5aw' failed: Error in connection establishment: net::ERR_CONNECTION_REFUSED @ http://localhost:3000/_next/static/chunks/node_modules_next_dist_client_0fhqo1d._.js:13299
[   54097ms] [ERROR] Failed to load resource: net::ERR_CONNECTION_REFUSED @ http://localhost:3000/_next/image?url=%2Fapi%2Fmedia%2F29%2Ffile%3Fvariant%3Dthumbnail&w=640&q=75:0
[   54346ms] [ERROR] Failed to load resource: net::ERR_CONNECTION_REFUSED @ http://localhost:3000/_next/image?url=%2Fapi%2Fmedia%2F30%2Ffile%3Fvariant%3Dthumbnail&w=640&q=75:0
[   55015ms] [ERROR] Failed to load resource: net::ERR_CONNECTION_REFUSED @ http://localhost:3000/produits/revetements-de-sols-et-murs/carrelage-interieur?_rsc=y4h09:0
[   55016ms] [ERROR] Failed to fetch RSC payload for http://localhost:3000/produits/revetements-de-sols-et-murs/carrelage-interieur. Falling back to browser navigation. TypeError: Failed to fetch
    at createFetch (http://localhost:3000/_next/static/chunks/node_modules_next_dist_client_0fhqo1d._.js:8084:21)
    at fetchServerResponse (http://localhost:3000/_next/static/chunks/node_modules_next_dist_client_0fhqo1d._.js:7928:27)
    at navigateToUnknownRoute (http://localhost:3000/_next/static/chunks/node_modules_next_dist_client_0fhqo1d._.js:10094:90)
    at navigateImpl (http://localhost:3000/_next/static/chunks/node_modules_next_dist_client_0fhqo1d._.js:9989:12)
    at navigate (http://localhost:3000/_next/static/chunks/node_modules_next_dist_client_0fhqo1d._.js:9953:12)
    at navigateReducer (http://localhost:3000/_next/static/chunks/node_modules_next_dist_client_0fhqo1d._.js:10530:37)
    at clientReducer (http://localhost:3000/_next/static/chunks/node_modules_next_dist_client_0fhqo1d._.js:11382:61)
    at Object.action (http://localhost:3000/_next/static/chunks/node_modules_next_dist_client_0fhqo1d._.js:11631:55)
    at runAction (http://localhost:3000/_next/static/chunks/node_modules_next_dist_client_0fhqo1d._.js:11536:38)
    at dispatchAction (http://localhost:3000/_next/static/chunks/node_modules_next_dist_client_0fhqo1d._.js:11599:9)
    at Object.dispatch (http://localhost:3000/_next/static/chunks/node_modules_next_dist_client_0fhqo1d._.js:11629:40)
    at http://localhost:3000/_next/static/chunks/node_modules_next_dist_client_0fhqo1d._.js:963:29
    at startTransition (http://localhost:3000/_next/static/chunks/node_modules_next_dist_compiled_react-dom_058-ah~._.js:5469:31)
    at nextDispatch (http://localhost:3000/_next/static/chunks/node_modules_next_dist_client_0fhqo1d._.js:962:13)
    at dispatchAppRouterAction (http://localhost:3000/_next/static/chunks/node_modules_next_dist_client_0fhqo1d._.js:922:5)
    at dispatchNavigateAction (http://localhost:3000/_next/static/chunks/node_modules_next_dist_client_0fhqo1d._.js:11688:49)
    at http://localhost:3000/_next/static/chunks/node_modules_next_0mgv4n8._.js:3836:13
    at Object.startTransition (http://localhost:3000/_next/static/chunks/node_modules_next_dist_compiled_0rpq4pf._.js:1279:31)
    at linkClicked (http://localhost:3000/_next/static/chunks/node_modules_next_0mgv4n8._.js:3835:24)
    at onClick (http://localhost:3000/_next/static/chunks/node_modules_next_0mgv4n8._.js:4075:13)
    at executeDispatch (http://localhost:3000/_next/static/chunks/node_modules_next_dist_compiled_react-dom_058-ah~._.js:10329:13)
    at runWithFiberInDEV (http://localhost:3000/_next/static/chunks/node_modules_next_dist_compiled_react-dom_058-ah~._.js:965:74)
    at processDispatchQueue (http://localhost:3000/_next/static/chunks/node_modules_next_dist_compiled_react-dom_058-ah~._.js:10355:41)
    at http://localhost:3000/_next/static/chunks/node_modules_next_dist_compiled_react-dom_058-ah~._.js:10633:13
    at batchedUpdates$1 (http://localhost:3000/_next/static/chunks/node_modules_next_dist_compiled_react-dom_058-ah~._.js:2253:44)
    at dispatchEventForPluginEventSystem (http://localhost:3000/_next/static/chunks/node_modules_next_dist_compiled_react-dom_058-ah~._.js:10431:9)
    at dispatchEvent (http://localhost:3000/_next/static/chunks/node_modules_next_dist_compiled_react-dom_058-ah~._.js:13002:37)
    at dispatchDiscreteEvent (http://localhost:3000/_next/static/chunks/node_modules_next_dist_compiled_react-dom_058-ah~._.js:12984:64) @ http://localhost:3000/_next/static/chunks/node_modules_next_dist_115brz8._.js:3272
[   56662ms] [ERROR] Failed to load resource: net::ERR_CONNECTION_REFUSED @ http://localhost:3000/_next/static/chunks/_0~_he.g._.css:0
[   56696ms] [INFO] %cDownload the React DevTools for a better development experience: https://react.dev/link/react-devtools font-weight:bold @ http://localhost:3000/_next/static/chunks/node_modules_next_dist_115brz8._.js:2431
[   59065ms] [ERROR] WebSocket connection to 'ws://localhost:3000/_next/webpack-hmr?id=ZxC7O0rdiCG0uW4e6x5aw' failed: Error in connection establishment: net::ERR_CONNECTION_REFUSED @ http://localhost:3000/_next/static/chunks/node_modules_next_dist_client_0fhqo1d._.js:13299
[   60074ms] [WARNING] The resource https://www.googletagmanager.com/gtag/js?id=G-ZHJE8W741X was preloaded using link preload but not used within a few seconds from the window's load event. Please make sure it has an appropriate `as` value and it is preloaded intentionally. @ http://localhost:3000/actualites/entretien-du-marbre-poli-secrets-pro-infaillibles-pour-une-brillance-eternelle:0
