[     707ms] [INFO] %cDownload the React DevTools for a better development experience: https://react.dev/link/react-devtools font-weight:bold @ http://localhost:3001/_next/static/chunks/node_modules_next_dist_115brz8._.js:2431
[     759ms] [LOG] [HMR] connected @ http://localhost:3001/_next/static/chunks/node_modules_next_dist_115brz8._.js:2431
[     768ms] [LOG] %c%s%c [34mprisma:query[39m background: #e6e6e6;background: light-dark(rgba(0,0,0,0.1), rgba(255,255,255,0.25));color: #000000;color: light-dark(#000000, #ffffff);border-radius: 2px  Server   
    SELECT "column_name"
    FROM "information_schema"."columns"
    WHERE "table_schema" = 'public'
      AND "table_name" = 'product_subcategories'
      AND "column_name" IN ('visible_ecommerce', 'visible_vitrine')
   @ http://localhost:3001/_next/static/chunks/node_modules_next_dist_115brz8._.js:2431
[     768ms] [LOG] %c%s%c [34mprisma:query[39m background: #e6e6e6;background: light-dark(rgba(0,0,0,0.1), rgba(255,255,255,0.25));color: #000000;color: light-dark(#000000, #ffffff);border-radius: 2px  Server   
    SELECT
      "c"."id",
      "c"."name",
      "c"."slug",
      "c"."subtitle",
      "c"."description",
      "c"."image_media_id",
      COUNT(DISTINCT "p"."id")::bigint AS "product_count"
    FROM "product_types" "c"
    JOIN "product_subcategories" "s"
      ON "s"."category_id" = "c"."id"
      AND "s"."is_active" = true
      AND "s"."visible_ecommerce" = true
    LEFT JOIN "product_subcategory_links" "l"
      ON "l"."subcategory_id" = "s"."id"
    LEFT JOIN "products" "p"
      ON "p"."id" = "l"."product_id"
      AND "p"."visible_ecommerce" = true
      AND "p"."kind" IN ('STANDARD', 'SINGLE', 'VARIANT')
    WHERE "c"."is_active" = true
    GROUP BY
      "c"."id",
      "c"."name",
      "c"."slug",
      "c"."subtitle",
      "c"."description",
      "c"."image_media_id",
      "c"."sort_order"
    ORDER BY "c"."sort_order" ASC, "c"."name" ASC
    LIMIT 8
   @ http://localhost:3001/_next/static/chunks/node_modules_next_dist_115brz8._.js:2431
[     768ms] [LOG] %c%s%c [34mprisma:query[39m background: #e6e6e6;background: light-dark(rgba(0,0,0,0.1), rgba(255,255,255,0.25));color: #000000;color: light-dark(#000000, #ffffff);border-radius: 2px  Server   
    SELECT
      "s"."category_id",
      "s"."id",
      "s"."name",
      "s"."slug",
      COUNT(DISTINCT "p"."id")::bigint AS "product_count"
    FROM "product_subcategories" "s"
    LEFT JOIN "product_subcategory_links" "l"
      ON "l"."subcategory_id" = "s"."id"
    LEFT JOIN "products" "p"
      ON "p"."id" = "l"."product_id"
      AND "p"."visible_ecommerce" = true
      AND "p"."kind" IN ('STANDARD', 'SINGLE', 'VARIANT')
    WHERE "s"."category_id" IN ($1,$2,$3,$4,$5,$6)
      AND "s"."is_active" = true
      AND "s"."visible_ecommerce" = true
    GROUP BY "s"."category_id", "s"."id", "s"."name", "s"."slug", "s"."sort_order"
    ORDER BY "s"."sort_order" ASC, "s"."name" ASC
   @ http://localhost:3001/_next/static/chunks/node_modules_next_dist_115brz8._.js:2431
[     804ms] [ERROR] Failed to load resource: the server responded with a status of 404 (Not Found) @ http://localhost:3001/favicon.ico:0
[   10871ms] [LOG] [Fast Refresh] rebuilding @ http://localhost:3001/_next/static/chunks/node_modules_next_dist_115brz8._.js:2431
[   10887ms] [LOG] [Fast Refresh] done in 126ms @ http://localhost:3001/_next/static/chunks/node_modules_next_dist_115brz8._.js:2431
[   15232ms] [LOG] [Fast Refresh] rebuilding @ http://localhost:3001/_next/static/chunks/node_modules_next_dist_115brz8._.js:2431
[   15232ms] [LOG] [Fast Refresh] done in 113ms @ http://localhost:3001/_next/static/chunks/node_modules_next_dist_115brz8._.js:2431
[  609946ms] [WARNING] Detected `scroll-behavior: smooth` on the `<html>` element. To disable smooth scrolling during route transitions, add `data-scroll-behavior="smooth"` to your <html> element. Learn more: https://nextjs.org/docs/messages/missing-data-scroll-behavior @ http://localhost:3001/_next/static/chunks/node_modules_next_dist_115brz8._.js:2431
