[     599ms] [INFO] %cDownload the React DevTools for a better development experience: https://react.dev/link/react-devtools font-weight:bold @ http://localhost:3001/_next/static/chunks/node_modules_next_dist_115brz8._.js:2431
[     613ms] [LOG] [HMR] connected @ http://localhost:3001/_next/static/chunks/node_modules_next_dist_115brz8._.js:2431
[     616ms] [LOG] %c%s%c [34mprisma:query[39m background: #e6e6e6;background: light-dark(rgba(0,0,0,0.1), rgba(255,255,255,0.25));color: #000000;color: light-dark(#000000, #ffffff);border-radius: 2px  Server   
    SELECT "column_name"
    FROM "information_schema"."columns"
    WHERE "table_schema" = 'public'
      AND "table_name" = 'product_subcategories'
      AND "column_name" IN ('visible_ecommerce', 'visible_vitrine')
   @ http://localhost:3001/_next/static/chunks/node_modules_next_dist_115brz8._.js:2431
[     616ms] [LOG] %c%s%c [34mprisma:query[39m background: #e6e6e6;background: light-dark(rgba(0,0,0,0.1), rgba(255,255,255,0.25));color: #000000;color: light-dark(#000000, #ffffff);border-radius: 2px  Server   
    SELECT
      "c"."id",
      "c"."name",
      "c"."slug",
      "c"."subtitle",
      "c"."description",
      "c"."image_media_id",
      COUNT(DISTINCT "p"."id")::bigint AS "product_count"
    FROM "product_types" "c"
    JOIN "product_subcategories" "s"
      ON "s"."category_id" = "c"."id"
      AND "s"."is_active" = true
      AND "s"."visible_ecommerce" = true
    LEFT JOIN "product_subcategory_links" "l"
      ON "l"."subcategory_id" = "s"."id"
    LEFT JOIN "products" "p"
      ON "p"."id" = "l"."product_id"
      AND "p"."visible_ecommerce" = true
      AND "p"."kind" IN ('STANDARD', 'SINGLE', 'VARIANT')
    WHERE "c"."is_active" = true
    GROUP BY
      "c"."id",
      "c"."name",
      "c"."slug",
      "c"."subtitle",
      "c"."description",
      "c"."image_media_id",
      "c"."sort_order"
    ORDER BY "c"."sort_order" ASC, "c"."name" ASC
    LIMIT 8
   @ http://localhost:3001/_next/static/chunks/node_modules_next_dist_115brz8._.js:2431
[     616ms] [LOG] %c%s%c [34mprisma:query[39m background: #e6e6e6;background: light-dark(rgba(0,0,0,0.1), rgba(255,255,255,0.25));color: #000000;color: light-dark(#000000, #ffffff);border-radius: 2px  Server   
    SELECT
      "s"."category_id",
      "s"."id",
      "s"."name",
      "s"."slug",
      COUNT(DISTINCT "p"."id")::bigint AS "product_count"
    FROM "product_subcategories" "s"
    LEFT JOIN "product_subcategory_links" "l"
      ON "l"."subcategory_id" = "s"."id"
    LEFT JOIN "products" "p"
      ON "p"."id" = "l"."product_id"
      AND "p"."visible_ecommerce" = true
      AND "p"."kind" IN ('STANDARD', 'SINGLE', 'VARIANT')
    WHERE "s"."category_id" IN ($1,$2,$3,$4,$5,$6)
      AND "s"."is_active" = true
      AND "s"."visible_ecommerce" = true
    GROUP BY "s"."category_id", "s"."id", "s"."name", "s"."slug", "s"."sort_order"
    ORDER BY "s"."sort_order" ASC, "s"."name" ASC
   @ http://localhost:3001/_next/static/chunks/node_modules_next_dist_115brz8._.js:2431
[     682ms] [ERROR] Failed to load resource: the server responded with a status of 401 (Unauthorized) @ http://localhost:3001/api/notifications:0
[    2647ms] [ERROR] Failed to load resource: the server responded with a status of 400 (Bad Request) @ http://localhost:3001/_next/image?url=%2Fapi%2Fmedia%2F771%2Ffile%3Fvariant%3Dthumbnail&w=128&q=75:0
[   44499ms] [LOG] [Fast Refresh] rebuilding @ http://localhost:3001/_next/static/chunks/node_modules_next_dist_115brz8._.js:2431
[   44629ms] [LOG] [Fast Refresh] done in 233ms @ http://localhost:3001/_next/static/chunks/node_modules_next_dist_115brz8._.js:2431
[   44734ms] [LOG] [Fast Refresh] rebuilding @ http://localhost:3001/_next/static/chunks/node_modules_next_dist_115brz8._.js:2431
[   44957ms] [LOG] [Fast Refresh] done in 328ms @ http://localhost:3001/_next/static/chunks/node_modules_next_dist_115brz8._.js:2431
[   45563ms] [LOG] %c%s%c [34mprisma:query[39m background: #e6e6e6;background: light-dark(rgba(0,0,0,0.1), rgba(255,255,255,0.25));color: #000000;color: light-dark(#000000, #ffffff);border-radius: 2px  Server   
    SELECT "column_name"
    FROM "information_schema"."columns"
    WHERE "table_schema" = 'public'
      AND "table_name" = 'product_subcategories'
      AND "column_name" IN ('visible_ecommerce', 'visible_vitrine')
   @ http://localhost:3001/_next/static/chunks/node_modules_next_dist_115brz8._.js:2431
[   45564ms] [LOG] %c%s%c [34mprisma:query[39m background: #e6e6e6;background: light-dark(rgba(0,0,0,0.1), rgba(255,255,255,0.25));color: #000000;color: light-dark(#000000, #ffffff);border-radius: 2px  Server   
    SELECT
      "c"."id",
      "c"."name",
      "c"."slug",
      "c"."subtitle",
      "c"."description",
      "c"."image_media_id",
      COUNT(DISTINCT "p"."id")::bigint AS "product_count"
    FROM "product_types" "c"
    JOIN "product_subcategories" "s"
      ON "s"."category_id" = "c"."id"
      AND "s"."is_active" = true
      AND "s"."visible_ecommerce" = true
    LEFT JOIN "product_subcategory_links" "l"
      ON "l"."subcategory_id" = "s"."id"
    LEFT JOIN "products" "p"
      ON "p"."id" = "l"."product_id"
      AND "p"."visible_ecommerce" = true
      AND "p"."kind" IN ('STANDARD', 'SINGLE', 'VARIANT')
    WHERE "c"."is_active" = true
    GROUP BY
      "c"."id",
      "c"."name",
      "c"."slug",
      "c"."subtitle",
      "c"."description",
      "c"."image_media_id",
      "c"."sort_order"
    ORDER BY "c"."sort_order" ASC, "c"."name" ASC
    LIMIT 8
   @ http://localhost:3001/_next/static/chunks/node_modules_next_dist_115brz8._.js:2431
[   45564ms] [LOG] %c%s%c [34mprisma:query[39m background: #e6e6e6;background: light-dark(rgba(0,0,0,0.1), rgba(255,255,255,0.25));color: #000000;color: light-dark(#000000, #ffffff);border-radius: 2px  Server   
    SELECT
      "s"."category_id",
      "s"."id",
      "s"."name",
      "s"."slug",
      COUNT(DISTINCT "p"."id")::bigint AS "product_count"
    FROM "product_subcategories" "s"
    LEFT JOIN "product_subcategory_links" "l"
      ON "l"."subcategory_id" = "s"."id"
    LEFT JOIN "products" "p"
      ON "p"."id" = "l"."product_id"
      AND "p"."visible_ecommerce" = true
      AND "p"."kind" IN ('STANDARD', 'SINGLE', 'VARIANT')
    WHERE "s"."category_id" IN ($1,$2,$3,$4,$5,$6)
      AND "s"."is_active" = true
      AND "s"."visible_ecommerce" = true
    GROUP BY "s"."category_id", "s"."id", "s"."name", "s"."slug", "s"."sort_order"
    ORDER BY "s"."sort_order" ASC, "s"."name" ASC
   @ http://localhost:3001/_next/static/chunks/node_modules_next_dist_115brz8._.js:2431
[   60712ms] [ERROR] Failed to load resource: the server responded with a status of 401 (Unauthorized) @ http://localhost:3001/api/notifications:0
