[     128ms] [INFO] %cDownload the React DevTools for a better development experience: https://react.dev/link/react-devtools font-weight:bold @ http://localhost:3000/_next/static/chunks/node_modules_next_dist_115brz8._.js:2431
[     149ms] [LOG] [HMR] connected @ http://localhost:3000/_next/static/chunks/node_modules_next_dist_115brz8._.js:2431
[    2235ms] [LOG] %c%s%c [34mprisma:query[39m background: #e6e6e6;background: light-dark(rgba(0,0,0,0.1), rgba(255,255,255,0.25));color: #000000;color: light-dark(#000000, #ffffff);border-radius: 2px  Server   SELECT "public"."product_types"."id", "public"."product_types"."name", "public"."product_types"."subtitle", "public"."product_types"."slug", "public"."product_types"."theme_color", "public"."product_types"."description", "public"."product_types"."description_seo", "public"."product_types"."image_media_id" FROM "public"."product_types" WHERE ("public"."product_types"."is_active" = $1 AND EXISTS(SELECT "t0"."category_id" FROM "public"."product_subcategories" AS "t0" WHERE ("t0"."is_active" = $2 AND "t0"."visible_vitrine" = $3 AND ("public"."product_types"."id") = ("t0"."category_id") AND "t0"."category_id" IS NOT NULL))) ORDER BY "public"."product_types"."sort_order" ASC, "public"."product_types"."name" ASC, "public"."product_types"."id" ASC OFFSET $4 @ http://localhost:3000/_next/static/chunks/node_modules_next_dist_115brz8._.js:2431
[    2236ms] [LOG] %c%s%c [34mprisma:query[39m background: #e6e6e6;background: light-dark(rgba(0,0,0,0.1), rgba(255,255,255,0.25));color: #000000;color: light-dark(#000000, #ffffff);border-radius: 2px  Server   SELECT "public"."media"."id", "public"."media"."is_active", "public"."media"."deleted_at" FROM "public"."media" WHERE "public"."media"."id" IN ($1,$2,$3,$4,$5,$6,$7) OFFSET $8 @ http://localhost:3000/_next/static/chunks/node_modules_next_dist_115brz8._.js:2431
[    2236ms] [LOG] %c%s%c [34mprisma:query[39m background: #e6e6e6;background: light-dark(rgba(0,0,0,0.1), rgba(255,255,255,0.25));color: #000000;color: light-dark(#000000, #ffffff);border-radius: 2px  Server   SELECT "public"."commerce_promotions"."id" FROM "public"."commerce_promotions" WHERE ("public"."commerce_promotions"."status" = CAST($1::text AS "public"."CommercePromotionStatus") AND ("public"."commerce_promotions"."starts_at" IS NULL OR "public"."commerce_promotions"."starts_at" <= $2) AND ("public"."commerce_promotions"."ends_at" IS NULL OR "public"."commerce_promotions"."ends_at" >= $3) AND NOT EXISTS(SELECT "t0"."promotion_id" FROM "public"."commerce_coupons" AS "t0" WHERE (EXISTS(SELECT "t1"."coupon_id" FROM "public"."commerce_coupon_customers" AS "t1" WHERE (1=1 AND ("t0"."id") = ("t1"."coupon_id") AND "t1"."coupon_id" IS NOT NULL)) AND ("public"."commerce_promotions"."id") = ("t0"."promotion_id") AND "t0"."promotion_id" IS NOT NULL))) OFFSET $4 @ http://localhost:3000/_next/static/chunks/node_modules_next_dist_115brz8._.js:2431
[    2236ms] [LOG] %c%s%c [34mprisma:query[39m background: #e6e6e6;background: light-dark(rgba(0,0,0,0.1), rgba(255,255,255,0.25));color: #000000;color: light-dark(#000000, #ffffff);border-radius: 2px  Server   SELECT "public"."commerce_promotion_categories"."promotion_id", "public"."commerce_promotion_categories"."category_id" FROM "public"."commerce_promotion_categories" WHERE "public"."commerce_promotion_categories"."promotion_id" IN (NULL) OFFSET $1 @ http://localhost:3000/_next/static/chunks/node_modules_next_dist_115brz8._.js:2431
[    2236ms] [LOG] %c%s%c [34mprisma:query[39m background: #e6e6e6;background: light-dark(rgba(0,0,0,0.1), rgba(255,255,255,0.25));color: #000000;color: light-dark(#000000, #ffffff);border-radius: 2px  Server   SELECT "public"."commerce_promotion_products"."promotion_id", "public"."commerce_promotion_products"."product_id" FROM "public"."commerce_promotion_products" WHERE "public"."commerce_promotion_products"."promotion_id" IN (NULL) OFFSET $1 @ http://localhost:3000/_next/static/chunks/node_modules_next_dist_115brz8._.js:2431
[    2236ms] [LOG] %c%s%c [34mprisma:query[39m background: #e6e6e6;background: light-dark(rgba(0,0,0,0.1), rgba(255,255,255,0.25));color: #000000;color: light-dark(#000000, #ffffff);border-radius: 2px  Server   SELECT "public"."product_subcategories"."id", "public"."product_subcategories"."category_id", "public"."product_subcategories"."name", "public"."product_subcategories"."subtitle", "public"."product_subcategories"."slug", "public"."product_subcategories"."description", "public"."product_subcategories"."description_seo", "public"."product_subcategories"."image_media_id" FROM "public"."product_subcategories" WHERE (("public"."product_subcategories"."is_active" = $1 AND "public"."product_subcategories"."visible_vitrine" = $2) AND "public"."product_subcategories"."category_id" IN ($3,$4,$5,$6,$7,$8,$9)) ORDER BY "public"."product_subcategories"."sort_order" ASC, "public"."product_subcategories"."name" ASC, "public"."product_subcategories"."id" ASC OFFSET $10 @ http://localhost:3000/_next/static/chunks/node_modules_next_dist_115brz8._.js:2431
[    2236ms] [LOG] %c%s%c [34mprisma:query[39m background: #e6e6e6;background: light-dark(rgba(0,0,0,0.1), rgba(255,255,255,0.25));color: #000000;color: light-dark(#000000, #ffffff);border-radius: 2px  Server   SELECT "public"."commerce_promotion_brands"."promotion_id", "public"."commerce_promotion_brands"."brand_id" FROM "public"."commerce_promotion_brands" WHERE "public"."commerce_promotion_brands"."promotion_id" IN (NULL) OFFSET $1 @ http://localhost:3000/_next/static/chunks/node_modules_next_dist_115brz8._.js:2431
[    2236ms] [LOG] %c%s%c [34mprisma:query[39m background: #e6e6e6;background: light-dark(rgba(0,0,0,0.1), rgba(255,255,255,0.25));color: #000000;color: light-dark(#000000, #ffffff);border-radius: 2px  Server   SELECT "public"."media"."id", "public"."media"."is_active", "public"."media"."deleted_at" FROM "public"."media" WHERE "public"."media"."id" IN ($1,$2,$3,$4,$5,$6,$7,$8,$9,$10,$11,$12,$13,$14,$15,$16,$17,$18,$19,$20,$21,$22,$23,$24,$25,$26,$27,$28,$29,$30,$31,$32,$33) OFFSET $34 @ http://localhost:3000/_next/static/chunks/node_modules_next_dist_115brz8._.js:2431
[    2236ms] [LOG] %c%s%c [34mprisma:query[39m background: #e6e6e6;background: light-dark(rgba(0,0,0,0.1), rgba(255,255,255,0.25));color: #000000;color: light-dark(#000000, #ffffff);border-radius: 2px  Server   SELECT "public"."commerce_promotion_categories"."promotion_id", "public"."commerce_promotion_categories"."category_id" FROM "public"."commerce_promotion_categories" LEFT JOIN "public"."commerce_promotions" AS "j0" ON ("j0"."id") = ("public"."commerce_promotion_categories"."promotion_id") WHERE ("j0"."status" = CAST($1::text AS "public"."CommercePromotionStatus") AND ("j0"."starts_at" IS NULL OR "j0"."starts_at" <= $2) AND ("j0"."ends_at" IS NULL OR "j0"."ends_at" >= $3) AND NOT EXISTS(SELECT "t1"."promotion_id" FROM "public"."commerce_coupons" AS "t1" WHERE (EXISTS(SELECT "t2"."coupon_id" FROM "public"."commerce_coupon_customers" AS "t2" WHERE (1=1 AND ("t1"."id") = ("t2"."coupon_id") AND "t2"."coupon_id" IS NOT NULL)) AND ("j0"."id") = ("t1"."promotion_id") AND "t1"."promotion_id" IS NOT NULL)) AND ("j0"."id" IS NOT NULL)) OFFSET $4 @ http://localhost:3000/_next/static/chunks/node_modules_next_dist_115brz8._.js:2431
[    2237ms] [LOG] %c%s%c [34mprisma:query[39m background: #e6e6e6;background: light-dark(rgba(0,0,0,0.1), rgba(255,255,255,0.25));color: #000000;color: light-dark(#000000, #ffffff);border-radius: 2px  Server   
    WITH candidate_entries AS (
      (
      SELECT
        NULL::text AS entity_type,
        NULL::bigint AS product_id,
        NULL::bigint AS family_id,
        NULL::text AS product_slug,
        NULL::text AS product_sku,
        NULL::text AS product_name,
        NULL::text AS product_brand,
        NULL::text AS product_tags,
        NULL::text AS product_description,
        NULL::text AS product_description_seo,
        NULL::text AS attributes_text,
        NULL::text AS family_name,
        NULL::text AS family_slug,
        NULL::text AS family_subtitle,
        NULL::text AS family_description,
        NULL::text AS family_description_seo,
        NULL::text AS family_members_text,
        NULL::bigint AS category_id,
        NULL::text AS category_name,
        NULL::text AS category_slug,
        NULL::text AS category_subtitle,
        NULL::text AS category_description,
        NULL::text AS category_description_seo,
        NULL::text AS category_theme_color,
        NULL::integer AS category_sort,
        FALSE::boolean AS category_is_promoted,
        NULL::bigint AS subcategory_id,
        NULL::text AS subcategory_name,
        NULL::text AS subcategory_slug,
        NULL::text AS subcategory_subtitle,
        NULL::text AS subcategory_description,
        NULL::text AS subcategory_description_seo,
        NULL::integer AS subcategory_sort
      WHERE FALSE
    )
      UNION ALL
      (
    SELECT DISTINCT ON (p.id)
      CASE
        WHEN p.kind IN ('STANDARD', 'SINGLE') THEN 'SINGLE'::text
        WHEN p.kind = 'VARIANT' THEN 'VARIANT'::text
      END AS entity_type,
      p.id AS product_id,
      NULL::bigint AS family_id,
      p.slug AS product_slug,
      p.sku AS product_sku,
      p.name AS product_name,
      p_brand.name AS product_brand,
      p.tags AS product_tags,
      p.rich_text_description::text AS product_description,
      p.description_seo AS product_description_seo,
      (
        SELECT COALESCE(string_agg(pa.name || ' ' || pa.value, ' '), '')
        FROM product_attributes pa
        WHERE pa.product_id = p.id
      ) AS attributes_text,
      NULL::text AS family_name,
      NULL::text AS family_slug,
      NULL::text AS family_subtitle,
      NULL::text AS family_description,
      NULL::text AS family_description_seo,
      NULL::text AS family_members_text,
      c.id AS category_id,
      c.name AS category_name,
      c.slug AS category_slug,
      c.subtitle AS category_subtitle,
      c.description AS category_description,
      c.description_seo AS category_description_seo,
      c.theme_color AS category_theme_color,
      c.sort_order AS category_sort,
      
  EXISTS (
    SELECT 1
    FROM commerce_promotion_categories pc
    JOIN commerce_promotions cp ON cp.id = pc.promotion_id
    WHERE pc.category_id = c.id
      AND cp.status = 'ACTIVE'
      AND (cp.starts_at IS NULL OR cp.starts_at <= NOW())
      AND (cp.ends_at IS NULL OR cp.ends_at >= NOW())
      AND NOT EXISTS (
        SELECT 1
        FROM commerce_coupons cc
        JOIN commerce_coupon_customers ccc ON ccc.coupon_id = cc.id
        WHERE cc.promotion_id = cp.id
      )
  )
 AS category_is_promoted,
      s.id AS subcategory_id,
      s.name AS subcategory_name,
      s.slug AS subcategory_slug,
      s.subtitle AS subcategory_subtitle,
      s.description AS subcategory_description,
      s.description_seo AS subcategory_description_seo,
      s.sort_order AS subcategory_sort
    FROM products p
    LEFT JOIN organizations p_brand ON p_brand.id = p.brand_id
    
    JOIN product_subcategory_links l ON l.product_id = p.id
    JOIN product_subcategories s ON s.id = l.subcategory_id AND s.is_active = true AND s.visible_vitrine = true
    JOIN product_types c ON c.id = s.category_id AND c.is_active = true
    WHERE p.kind IN ('STANDARD', 'SINGLE', 'VARIANT') AND p.visible_vitrine = true
    
    
    
    
    ORDER BY p.id, c.sort_order ASC, s.sort_order ASC, p.slug ASC
  )
    )
    SELECT *
    FROM candidate_entries
    ORDER BY category_sort ASC NULLS LAST, subcategory_sort ASC NULLS LAST, product_slug ASC
   @ http://localhost:3000/_next/static/chunks/node_modules_next_dist_115brz8._.js:2431
[    2237ms] [LOG] %c%s%c [34mprisma:query[39m background: #e6e6e6;background: light-dark(rgba(0,0,0,0.1), rgba(255,255,255,0.25));color: #000000;color: light-dark(#000000, #ffffff);border-radius: 2px  Server   SELECT "public"."products"."id", "public"."products"."sku", "public"."products"."slug", "public"."products"."kind"::text, "public"."products"."name", "public"."products"."display_name", "public"."products"."rich_text_description", "public"."products"."description_seo", "public"."products"."brand_id", "public"."products"."visible_ecommerce", "public"."products"."visible_vitrine" FROM "public"."products" WHERE "public"."products"."id" IN ($1,$2,$3,$4,$5,$6,$7,$8,$9,$10,$11,$12,$13,$14,$15,$16,$17,$18,$19,$20,$21,$22,$23,$24,$25,$26,$27,$28) OFFSET $29 @ http://localhost:3000/_next/static/chunks/node_modules_next_dist_115brz8._.js:2431
[    2237ms] [LOG] %c%s%c [34mprisma:query[39m background: #e6e6e6;background: light-dark(rgba(0,0,0,0.1), rgba(255,255,255,0.25));color: #000000;color: light-dark(#000000, #ffffff);border-radius: 2px  Server   UPDATE "public"."media" SET "visibility" = CAST($1::text AS "public"."MediaVisibility"), "updated_at" = $2 WHERE ("public"."media"."id" IN ($3,$4,$5,$6,$7,$8,$9,$10,$11,$12,$13,$14,$15,$16,$17,$18,$19,$20,$21,$22,$23,$24,$25,$26,$27,$28,$29,$30,$31,$32,$33,$34,$35) AND "public"."media"."deleted_at" IS NULL AND "public"."media"."is_active" = $36) @ http://localhost:3000/_next/static/chunks/node_modules_next_dist_115brz8._.js:2431
[    2237ms] [LOG] %c%s%c [34mprisma:query[39m background: #e6e6e6;background: light-dark(rgba(0,0,0,0.1), rgba(255,255,255,0.25));color: #000000;color: light-dark(#000000, #ffffff);border-radius: 2px  Server   SELECT "public"."organizations"."id", "public"."organizations"."name", "public"."organizations"."description" FROM "public"."organizations" WHERE "public"."organizations"."id" IN ($1,$2,$3,$4,$5,$6,$7,$8,$9,$10,$11,$12,$13,$14,$15,$16,$17,$18,$19,$20,$21,$22,$23,$24,$25,$26,$27,$28) OFFSET $29 @ http://localhost:3000/_next/static/chunks/node_modules_next_dist_115brz8._.js:2431
[    2237ms] [LOG] %c%s%c [34mprisma:query[39m background: #e6e6e6;background: light-dark(rgba(0,0,0,0.1), rgba(255,255,255,0.25));color: #000000;color: light-dark(#000000, #ffffff);border-radius: 2px  Server   SELECT "public"."product_media"."id", "public"."product_media"."role"::text, "public"."product_media"."name", "public"."product_media"."alt_text", "public"."product_media"."media_id", "public"."product_media"."product_id" FROM "public"."product_media" WHERE "public"."product_media"."product_id" IN ($1,$2,$3,$4,$5,$6,$7,$8,$9,$10,$11,$12,$13,$14,$15,$16,$17,$18,$19,$20,$21,$22,$23,$24,$25,$26,$27,$28) ORDER BY "public"."product_media"."sort_order" ASC, "public"."product_media"."media_id" ASC OFFSET $29 @ http://localhost:3000/_next/static/chunks/node_modules_next_dist_115brz8._.js:2431
[    2237ms] [LOG] %c%s%c [34mprisma:query[39m background: #e6e6e6;background: light-dark(rgba(0,0,0,0.1), rgba(255,255,255,0.25));color: #000000;color: light-dark(#000000, #ffffff);border-radius: 2px  Server   SELECT "public"."product_subcategory_links"."product_id", "public"."product_subcategory_links"."subcategory_id" FROM "public"."product_subcategory_links" LEFT JOIN "public"."product_subcategories" AS "j0" ON ("j0"."id") = ("public"."product_subcategory_links"."subcategory_id") LEFT JOIN "public"."product_types" AS "j1" ON ("j1"."id") = ("j0"."category_id") WHERE (("j0"."is_active" = $1 AND "j0"."visible_vitrine" = $2 AND ("j1"."is_active" = $3 AND ("j1"."id" IS NOT NULL)) AND ("j0"."id" IS NOT NULL)) AND "public"."product_subcategory_links"."product_id" IN ($4,$5,$6,$7,$8,$9,$10,$11,$12,$13,$14,$15,$16,$17,$18,$19,$20,$21,$22,$23,$24,$25,$26,$27,$28,$29,$30,$31)) OFFSET $32 @ http://localhost:3000/_next/static/chunks/node_modules_next_dist_115brz8._.js:2431
[    2237ms] [LOG] %c%s%c [34mprisma:query[39m background: #e6e6e6;background: light-dark(rgba(0,0,0,0.1), rgba(255,255,255,0.25));color: #000000;color: light-dark(#000000, #ffffff);border-radius: 2px  Server   COMMIT @ http://localhost:3000/_next/static/chunks/node_modules_next_dist_115brz8._.js:2431
[    2610ms] [LOG] %c%s%c [34mprisma:query[39m background: #e6e6e6;background: light-dark(rgba(0,0,0,0.1), rgba(255,255,255,0.25));color: #000000;color: light-dark(#000000, #ffffff);border-radius: 2px  Server   SELECT "public"."product_attributes"."id", "public"."product_attributes"."name", "public"."product_attributes"."label", "public"."product_attributes"."value", "public"."product_attributes"."unit", "public"."product_attributes"."input_type"::text, "public"."product_attributes"."group_name", "public"."product_attributes"."group_sort_order", "public"."product_attributes"."sort_order", "public"."product_attributes"."product_id" FROM "public"."product_attributes" WHERE "public"."product_attributes"."product_id" IN ($1,$2,$3,$4,$5,$6,$7,$8,$9,$10,$11,$12,$13,$14,$15,$16,$17,$18,$19,$20,$21,$22,$23,$24,$25,$26,$27,$28) ORDER BY "public"."product_attributes"."group_sort_order" ASC, "public"."product_attributes"."sort_order" ASC, "public"."product_attributes"."name" ASC OFFSET $29 @ http://localhost:3000/_next/static/chunks/node_modules_next_dist_115brz8._.js:2431
[    2610ms] [LOG] %c%s%c [34mprisma:query[39m background: #e6e6e6;background: light-dark(rgba(0,0,0,0.1), rgba(255,255,255,0.25));color: #000000;color: light-dark(#000000, #ffffff);border-radius: 2px  Server   SELECT "public"."media"."id", "public"."media"."kind"::text, "public"."media"."title", "public"."media"."alt_text", "public"."media"."mime_type", "public"."media"."is_active", "public"."media"."deleted_at" FROM "public"."media" WHERE "public"."media"."id" IN ($1,$2,$3,$4,$5,$6,$7,$8,$9,$10,$11,$12,$13,$14,$15,$16,$17,$18,$19,$20,$21,$22,$23,$24,$25,$26,$27,$28,$29,$30,$31,$32,$33,$34,$35,$36,$37,$38,$39,$40,$41,$42,$43,$44,$45,$46,$47,$48,$49,$50,$51,$52,$53,$54,$55,$56) OFFSET $57 @ http://localhost:3000/_next/static/chunks/node_modules_next_dist_115brz8._.js:2431
[    2610ms] [LOG] %c%s%c [34mprisma:query[39m background: #e6e6e6;background: light-dark(rgba(0,0,0,0.1), rgba(255,255,255,0.25));color: #000000;color: light-dark(#000000, #ffffff);border-radius: 2px  Server   SELECT "public"."product_subcategories"."id", "public"."product_subcategories"."name", "public"."product_subcategories"."slug", "public"."product_subcategories"."category_id" FROM "public"."product_subcategories" WHERE "public"."product_subcategories"."id" IN ($1,$2,$3,$4,$5,$6,$7,$8,$9,$10,$11,$12,$13,$14,$15,$16,$17,$18,$19,$20,$21,$22,$23,$24,$25,$26,$27,$28) OFFSET $29 @ http://localhost:3000/_next/static/chunks/node_modules_next_dist_115brz8._.js:2431
[    2610ms] [LOG] %c%s%c [34mprisma:query[39m background: #e6e6e6;background: light-dark(rgba(0,0,0,0.1), rgba(255,255,255,0.25));color: #000000;color: light-dark(#000000, #ffffff);border-radius: 2px  Server   SELECT "public"."product_types"."id", "public"."product_types"."name", "public"."product_types"."slug" FROM "public"."product_types" WHERE "public"."product_types"."id" IN ($1) OFFSET $2 @ http://localhost:3000/_next/static/chunks/node_modules_next_dist_115brz8._.js:2431
[    2611ms] [LOG] %c%s%c [34mprisma:query[39m background: #e6e6e6;background: light-dark(rgba(0,0,0,0.1), rgba(255,255,255,0.25));color: #000000;color: light-dark(#000000, #ffffff);border-radius: 2px  Server   UPDATE "public"."media" SET "visibility" = CAST($1::text AS "public"."MediaVisibility"), "updated_at" = $2 WHERE ("public"."media"."id" IN ($3,$4,$5,$6,$7,$8,$9,$10,$11,$12,$13,$14,$15,$16,$17,$18,$19,$20,$21,$22,$23,$24,$25,$26,$27,$28,$29,$30,$31,$32,$33,$34) AND "public"."media"."deleted_at" IS NULL AND "public"."media"."is_active" = $35) @ http://localhost:3000/_next/static/chunks/node_modules_next_dist_115brz8._.js:2431
[    2611ms] [LOG] %c%s%c [34mprisma:query[39m background: #e6e6e6;background: light-dark(rgba(0,0,0,0.1), rgba(255,255,255,0.25));color: #000000;color: light-dark(#000000, #ffffff);border-radius: 2px  Server   COMMIT @ http://localhost:3000/_next/static/chunks/node_modules_next_dist_115brz8._.js:2431
[    2874ms] [ERROR] Failed to load resource: the server responded with a status of 400 (Bad Request) @ http://localhost:3000/_next/image?url=%2Fapi%2Fmedia%2F771%2Ffile%3Fvariant%3Dthumbnail&w=640&q=75:0
[    2875ms] [ERROR] Failed to load resource: the server responded with a status of 400 (Bad Request) @ http://localhost:3000/_next/image?url=%2Fapi%2Fmedia%2F772%2Ffile%3Fvariant%3Dthumbnail&w=640&q=75:0
[    2875ms] [ERROR] Failed to load resource: the server responded with a status of 400 (Bad Request) @ http://localhost:3000/_next/image?url=%2Fapi%2Fmedia%2F773%2Ffile%3Fvariant%3Dthumbnail&w=640&q=75:0
[    2875ms] [ERROR] Failed to load resource: the server responded with a status of 400 (Bad Request) @ http://localhost:3000/_next/image?url=%2Fapi%2Fmedia%2F774%2Ffile%3Fvariant%3Dthumbnail&w=640&q=75:0
[    2875ms] [ERROR] Failed to load resource: the server responded with a status of 400 (Bad Request) @ http://localhost:3000/_next/image?url=%2Fapi%2Fmedia%2F775%2Ffile%3Fvariant%3Dthumbnail&w=640&q=75:0
[    2922ms] [ERROR] Failed to load resource: the server responded with a status of 400 (Bad Request) @ http://localhost:3000/_next/image?url=%2Fapi%2Fmedia%2F779%2Ffile%3Fvariant%3Dthumbnail&w=640&q=75:0
[    2927ms] [ERROR] Failed to load resource: the server responded with a status of 400 (Bad Request) @ http://localhost:3000/_next/image?url=%2Fapi%2Fmedia%2F778%2Ffile%3Fvariant%3Dthumbnail&w=640&q=75:0
[    2932ms] [ERROR] Failed to load resource: the server responded with a status of 400 (Bad Request) @ http://localhost:3000/_next/image?url=%2Fapi%2Fmedia%2F777%2Ffile%3Fvariant%3Dthumbnail&w=640&q=75:0
[    2943ms] [ERROR] Failed to load resource: the server responded with a status of 400 (Bad Request) @ http://localhost:3000/_next/image?url=%2Fapi%2Fmedia%2F780%2Ffile%3Fvariant%3Dthumbnail&w=640&q=75:0
[    2955ms] [ERROR] Failed to load resource: the server responded with a status of 400 (Bad Request) @ http://localhost:3000/_next/image?url=%2Fapi%2Fmedia%2F781%2Ffile%3Fvariant%3Dthumbnail&w=640&q=75:0
[    2999ms] [ERROR] Failed to load resource: the server responded with a status of 400 (Bad Request) @ http://localhost:3000/_next/image?url=%2Fapi%2Fmedia%2F782%2Ffile%3Fvariant%3Dthumbnail&w=640&q=75:0
[    3193ms] [ERROR] Failed to load resource: the server responded with a status of 400 (Bad Request) @ http://localhost:3000/_next/image?url=%2Fapi%2Fmedia%2F776%2Ffile%3Fvariant%3Dthumbnail&w=640&q=75:0
