[     305ms] [INFO] %cDownload the React DevTools for a better development experience: https://react.dev/link/react-devtools font-weight:bold @ http://localhost:3001/_next/static/chunks/node_modules_next_dist_115brz8._.js:2431
[     314ms] [LOG] [HMR] connected @ http://localhost:3001/_next/static/chunks/node_modules_next_dist_115brz8._.js:2431
[     318ms] [LOG] %c%s%c [34mprisma:query[39m background: #e6e6e6;background: light-dark(rgba(0,0,0,0.1), rgba(255,255,255,0.25));color: #000000;color: light-dark(#000000, #ffffff);border-radius: 2px  Server   
    SELECT "column_name"
    FROM "information_schema"."columns"
    WHERE "table_schema" = 'public'
      AND "table_name" = 'product_subcategories'
      AND "column_name" IN ('visible_ecommerce', 'visible_vitrine')
   @ http://localhost:3001/_next/static/chunks/node_modules_next_dist_115brz8._.js:2431
[     318ms] [LOG] %c%s%c [34mprisma:query[39m background: #e6e6e6;background: light-dark(rgba(0,0,0,0.1), rgba(255,255,255,0.25));color: #000000;color: light-dark(#000000, #ffffff);border-radius: 2px  Server   
    SELECT
      "c"."id",
      "c"."name",
      "c"."slug",
      "c"."subtitle",
      "c"."description",
      "c"."image_media_id",
      COUNT(DISTINCT "p"."id")::bigint AS "product_count"
    FROM "product_types" "c"
    JOIN "product_subcategories" "s"
      ON "s"."category_id" = "c"."id"
      AND "s"."is_active" = true
      AND "s"."visible_ecommerce" = true
    LEFT JOIN "product_subcategory_links" "l"
      ON "l"."subcategory_id" = "s"."id"
    LEFT JOIN "products" "p"
      ON "p"."id" = "l"."product_id"
      AND "p"."visible_ecommerce" = true
      AND "p"."kind" IN ('STANDARD', 'SINGLE', 'VARIANT')
    WHERE "c"."is_active" = true
    GROUP BY
      "c"."id",
      "c"."name",
      "c"."slug",
      "c"."subtitle",
      "c"."description",
      "c"."image_media_id",
      "c"."sort_order"
    ORDER BY "c"."sort_order" ASC, "c"."name" ASC
    LIMIT 8
   @ http://localhost:3001/_next/static/chunks/node_modules_next_dist_115brz8._.js:2431
[     318ms] [LOG] %c%s%c [34mprisma:query[39m background: #e6e6e6;background: light-dark(rgba(0,0,0,0.1), rgba(255,255,255,0.25));color: #000000;color: light-dark(#000000, #ffffff);border-radius: 2px  Server   
    SELECT
      "s"."category_id",
      "s"."id",
      "s"."name",
      "s"."slug",
      COUNT(DISTINCT "p"."id")::bigint AS "product_count"
    FROM "product_subcategories" "s"
    LEFT JOIN "product_subcategory_links" "l"
      ON "l"."subcategory_id" = "s"."id"
    LEFT JOIN "products" "p"
      ON "p"."id" = "l"."product_id"
      AND "p"."visible_ecommerce" = true
      AND "p"."kind" IN ('STANDARD', 'SINGLE', 'VARIANT')
    WHERE "s"."category_id" IN ($1,$2,$3,$4,$5)
      AND "s"."is_active" = true
      AND "s"."visible_ecommerce" = true
    GROUP BY "s"."category_id", "s"."id", "s"."name", "s"."slug", "s"."sort_order"
    ORDER BY "s"."sort_order" ASC, "s"."name" ASC
   @ http://localhost:3001/_next/static/chunks/node_modules_next_dist_115brz8._.js:2431
[     391ms] [ERROR] Failed to load resource: the server responded with a status of 401 (Unauthorized) @ http://localhost:3001/api/notifications:0
[   52850ms] [LOG] [Fast Refresh] rebuilding @ http://localhost:3001/_next/static/chunks/node_modules_next_dist_115brz8._.js:2431
[   52868ms] [LOG] [Fast Refresh] done in 121ms @ http://localhost:3001/_next/static/chunks/node_modules_next_dist_115brz8._.js:2431
[   54204ms] [LOG] [Fast Refresh] rebuilding @ http://localhost:3001/_next/static/chunks/node_modules_next_dist_115brz8._.js:2431
[   54235ms] [LOG] [Fast Refresh] done in 138ms @ http://localhost:3001/_next/static/chunks/node_modules_next_dist_115brz8._.js:2431
[   60373ms] [ERROR] Failed to load resource: the server responded with a status of 401 (Unauthorized) @ http://localhost:3001/api/notifications:0
[   61117ms] [LOG] [Fast Refresh] rebuilding @ http://localhost:3001/_next/static/chunks/node_modules_next_dist_115brz8._.js:2431
[   61130ms] [LOG] [Fast Refresh] done in 118ms @ http://localhost:3001/_next/static/chunks/node_modules_next_dist_115brz8._.js:2431
[   69029ms] [LOG] [Fast Refresh] rebuilding @ http://localhost:3001/_next/static/chunks/node_modules_next_dist_115brz8._.js:2431
[   69108ms] [LOG] [Fast Refresh] done in 191ms @ http://localhost:3001/_next/static/chunks/node_modules_next_dist_115brz8._.js:2431
[  103450ms] [ERROR] WebSocket connection to 'ws://localhost:3001/_next/webpack-hmr?id=2qtbvOQR2uBqLR1LXzUUy' failed: Error in connection establishment: net::ERR_CONNECTION_REFUSED @ http://localhost:3001/_next/static/chunks/node_modules_next_dist_client_0fhqo1d._.js:13299
[  106809ms] [ERROR] WebSocket connection to 'ws://localhost:3001/_next/webpack-hmr?id=2qtbvOQR2uBqLR1LXzUUy' failed: Error in connection establishment: net::ERR_CONNECTION_REFUSED @ http://localhost:3001/_next/static/chunks/node_modules_next_dist_client_0fhqo1d._.js:13299
[  110174ms] [ERROR] WebSocket connection to 'ws://localhost:3001/_next/webpack-hmr?id=2qtbvOQR2uBqLR1LXzUUy' failed: Error in connection establishment: net::ERR_CONNECTION_REFUSED @ http://localhost:3001/_next/static/chunks/node_modules_next_dist_client_0fhqo1d._.js:13299
[  113545ms] [ERROR] WebSocket connection to 'ws://localhost:3001/_next/webpack-hmr?id=2qtbvOQR2uBqLR1LXzUUy' failed: Error in connection establishment: net::ERR_CONNECTION_REFUSED @ http://localhost:3001/_next/static/chunks/node_modules_next_dist_client_0fhqo1d._.js:13299
[  116905ms] [ERROR] WebSocket connection to 'ws://localhost:3001/_next/webpack-hmr?id=2qtbvOQR2uBqLR1LXzUUy' failed: Error in connection establishment: net::ERR_CONNECTION_REFUSED @ http://localhost:3001/_next/static/chunks/node_modules_next_dist_client_0fhqo1d._.js:13299
[  122691ms] [ERROR] Failed to load resource: net::ERR_CONNECTION_REFUSED @ http://localhost:3001/api/notifications:0
[  122692ms] TypeError: Failed to fetch
    at CustomerNotificationsMenu.useCallback[load] (http://localhost:3001/_next/static/chunks/apps_e-cobam_0rly.q.._.js:512:36)
    at CustomerNotificationsMenu.useEffect.interval (http://localhost:3001/_next/static/chunks/apps_e-cobam_0rly.q.._.js:531:74)
[  122694ms] [ERROR] WebSocket is already in CLOSING or CLOSED state. @ http://localhost:3001/_next/static/chunks/node_modules_next_dist_115brz8._.js:2790
[  122970ms] [ERROR] Failed to load resource: net::ERR_CONNECTION_REFUSED @ http://localhost:3001/__nextjs_original-stack-frames:0
[  124256ms] [ERROR] WebSocket connection to 'ws://localhost:3001/_next/webpack-hmr?id=2qtbvOQR2uBqLR1LXzUUy' failed: Error in connection establishment: net::ERR_CONNECTION_REFUSED @ http://localhost:3001/_next/static/chunks/node_modules_next_dist_client_0fhqo1d._.js:13299
[  131603ms] [ERROR] WebSocket connection to 'ws://localhost:3001/_next/webpack-hmr?id=2qtbvOQR2uBqLR1LXzUUy' failed: Error in connection establishment: net::ERR_CONNECTION_REFUSED @ http://localhost:3001/_next/static/chunks/node_modules_next_dist_client_0fhqo1d._.js:13299
[  138968ms] [ERROR] WebSocket connection to 'ws://localhost:3001/_next/webpack-hmr?id=2qtbvOQR2uBqLR1LXzUUy' failed: Error in connection establishment: net::ERR_CONNECTION_REFUSED @ http://localhost:3001/_next/static/chunks/node_modules_next_dist_client_0fhqo1d._.js:13299
[  146323ms] [ERROR] WebSocket connection to 'ws://localhost:3001/_next/webpack-hmr?id=2qtbvOQR2uBqLR1LXzUUy' failed: Error in connection establishment: net::ERR_CONNECTION_REFUSED @ http://localhost:3001/_next/static/chunks/node_modules_next_dist_client_0fhqo1d._.js:13299
[  153710ms] [ERROR] WebSocket connection to 'ws://localhost:3001/_next/webpack-hmr?id=2qtbvOQR2uBqLR1LXzUUy' failed: Error in connection establishment: net::ERR_CONNECTION_REFUSED @ http://localhost:3001/_next/static/chunks/node_modules_next_dist_client_0fhqo1d._.js:13299
[  161053ms] [ERROR] WebSocket connection to 'ws://localhost:3001/_next/webpack-hmr?id=2qtbvOQR2uBqLR1LXzUUy' failed: Error in connection establishment: net::ERR_CONNECTION_REFUSED @ http://localhost:3001/_next/static/chunks/node_modules_next_dist_client_0fhqo1d._.js:13299
[  168411ms] [ERROR] WebSocket connection to 'ws://localhost:3001/_next/webpack-hmr?id=2qtbvOQR2uBqLR1LXzUUy' failed: Error in connection establishment: net::ERR_CONNECTION_REFUSED @ http://localhost:3001/_next/static/chunks/node_modules_next_dist_client_0fhqo1d._.js:13299
